<?xml version="1.0" encoding="UTF-8"?>
<!-- Generated by org.testng.reporters.JUnitReportReporter -->
<testsuite skipped="0" hostname="LAPTOP-LGE6NPIB" name="week5.day1.AA.TestNG.EditLead" tests="1" failures="0" timestamp="2020-12-03T17:43:51 IST" time="1.853" errors="1">
  <testcase name="main" time="1.853" classname="week5.day1.AA.TestNG.EditLead">
    <error type="org.openqa.selenium.SessionNotCreatedException" message="session not created: This version of ChromeDriver only supports Chrome version 83
Build info: version: &#039;3.141.59&#039;, revision: &#039;e82be7d358&#039;, time: &#039;2018-11-14T08:17:03&#039;
System info: host: &#039;LAPTOP-LGE6NPIB&#039;, ip: &#039;192.168.2.30&#039;, os.name: &#039;Windows 10&#039;, os.arch: &#039;amd64&#039;, os.version: &#039;10.0&#039;, java.version: &#039;1.8.0_171&#039;
Driver info: driver.version: ChromeDriver
remote stacktrace: Backtrace:
	Ordinal0 [0x00369563+2725219]
	Ordinal0 [0x00268551+1672529]
	Ordinal0 [0x00150359+525145]
	Ordinal0 [0x000E0B77+68471]
	Ordinal0 [0x000DD32C+54060]
	Ordinal0 [0x000FCC37+183351]
	Ordinal0 [0x000FCA3D+182845]
	Ordinal0 [0x000FA94B+174411]
	Ordinal0 [0x000E2528+75048]
	Ordinal0 [0x000E35A0+79264]
	Ordinal0 [0x000E3539+79161]
	Ordinal0 [0x0027D607+1758727]
	GetHandleVerifier [0x00486546+1050150]
	GetHandleVerifier [0x00486291+1049457]
	GetHandleVerifier [0x004910D7+1094071]
	GetHandleVerifier [0x00486B46+1051686]
	Ordinal0 [0x00275B06+1727238]
	Ordinal0 [0x0027EB7B+1764219]
	Ordinal0 [0x0027ECE3+1764579]
	Ordinal0 [0x00294C05+1854469]
	BaseThreadInitThunk [0x75016359+25]
	RtlGetAppContainerNamedObjectPath [0x775E8944+228]
	RtlGetAppContainerNamedObjectPath [0x775E8914+180]
	(No symbol) [0x00000000]
">
      <![CDATA[org.openqa.selenium.SessionNotCreatedException: session not created: This version of ChromeDriver only supports Chrome version 83
Build info: version: '3.141.59', revision: 'e82be7d358', time: '2018-11-14T08:17:03'
System info: host: 'LAPTOP-LGE6NPIB', ip: '192.168.2.30', os.name: 'Windows 10', os.arch: 'amd64', os.version: '10.0', java.version: '1.8.0_171'
Driver info: driver.version: ChromeDriver
remote stacktrace: Backtrace:
Ordinal0 [0x00369563+2725219]
Ordinal0 [0x00268551+1672529]
Ordinal0 [0x00150359+525145]
Ordinal0 [0x000E0B77+68471]
Ordinal0 [0x000DD32C+54060]
Ordinal0 [0x000FCC37+183351]
Ordinal0 [0x000FCA3D+182845]
Ordinal0 [0x000FA94B+174411]
Ordinal0 [0x000E2528+75048]
Ordinal0 [0x000E35A0+79264]
Ordinal0 [0x000E3539+79161]
Ordinal0 [0x0027D607+1758727]
GetHandleVerifier [0x00486546+1050150]
GetHandleVerifier [0x00486291+1049457]
GetHandleVerifier [0x004910D7+1094071]
GetHandleVerifier [0x00486B46+1051686]
Ordinal0 [0x00275B06+1727238]
Ordinal0 [0x0027EB7B+1764219]
Ordinal0 [0x0027ECE3+1764579]
Ordinal0 [0x00294C05+1854469]
BaseThreadInitThunk [0x75016359+25]
RtlGetAppContainerNamedObjectPath [0x775E8944+228]
RtlGetAppContainerNamedObjectPath [0x775E8914+180]
(No symbol) [0x00000000]

at sun.reflect.NativeConstructorAccessorImpl.newInstance0(Native Method)
at sun.reflect.NativeConstructorAccessorImpl.newInstance(NativeConstructorAccessorImpl.java:62)
at sun.reflect.DelegatingConstructorAccessorImpl.newInstance(DelegatingConstructorAccessorImpl.java:45)
at java.lang.reflect.Constructor.newInstance(Constructor.java:423)
at org.openqa.selenium.remote.W3CHandshakeResponse.lambda$errorHandler$0(W3CHandshakeResponse.java:62)
at org.openqa.selenium.remote.HandshakeResponse.lambda$getResponseFunction$0(HandshakeResponse.java:30)
at org.openqa.selenium.remote.ProtocolHandshake.lambda$createSession$0(ProtocolHandshake.java:126)
at java.util.stream.ReferencePipeline$3$1.accept(ReferencePipeline.java:193)
at java.util.Spliterators$ArraySpliterator.tryAdvance(Spliterators.java:958)
at java.util.stream.ReferencePipeline.forEachWithCancel(ReferencePipeline.java:126)
at java.util.stream.AbstractPipeline.copyIntoWithCancel(AbstractPipeline.java:498)
at java.util.stream.AbstractPipeline.copyInto(AbstractPipeline.java:485)
at java.util.stream.AbstractPipeline.wrapAndCopyInto(AbstractPipeline.java:471)
at java.util.stream.FindOps$FindOp.evaluateSequential(FindOps.java:152)
at java.util.stream.AbstractPipeline.evaluate(AbstractPipeline.java:234)
at java.util.stream.ReferencePipeline.findFirst(ReferencePipeline.java:464)
at org.openqa.selenium.remote.ProtocolHandshake.createSession(ProtocolHandshake.java:128)
at org.openqa.selenium.remote.ProtocolHandshake.createSession(ProtocolHandshake.java:74)
at org.openqa.selenium.remote.HttpCommandExecutor.execute(HttpCommandExecutor.java:136)
at org.openqa.selenium.remote.service.DriverCommandExecutor.execute(DriverCommandExecutor.java:83)
at org.openqa.selenium.remote.RemoteWebDriver.execute(RemoteWebDriver.java:552)
at org.openqa.selenium.remote.RemoteWebDriver.startSession(RemoteWebDriver.java:213)
at org.openqa.selenium.remote.RemoteWebDriver.<init>(RemoteWebDriver.java:131)
at org.openqa.selenium.chrome.ChromeDriver.<init>(ChromeDriver.java:181)
at org.openqa.selenium.chrome.ChromeDriver.<init>(ChromeDriver.java:168)
at org.openqa.selenium.chrome.ChromeDriver.<init>(ChromeDriver.java:123)
at week5.day1.AA.TestNG.EditLead.main(EditLead.java:15)
at sun.reflect.NativeMethodAccessorImpl.invoke0(Native Method)
at sun.reflect.NativeMethodAccessorImpl.invoke(NativeMethodAccessorImpl.java:62)
at sun.reflect.DelegatingMethodAccessorImpl.invoke(DelegatingMethodAccessorImpl.java:43)
at java.lang.reflect.Method.invoke(Method.java:498)
at org.testng.internal.MethodInvocationHelper.invokeMethod(MethodInvocationHelper.java:131)
at org.testng.internal.Invoker.invokeMethod(Invoker.java:658)
at org.testng.internal.Invoker.invokeTestMethod(Invoker.java:792)
at org.testng.internal.Invoker.invokeTestMethods(Invoker.java:1103)
at org.testng.internal.TestMethodWorker.invokeTestMethods(TestMethodWorker.java:140)
at org.testng.internal.TestMethodWorker.run(TestMethodWorker.java:122)
at java.util.concurrent.ThreadPoolExecutor.runWorker(ThreadPoolExecutor.java:1149)
at java.util.concurrent.ThreadPoolExecutor$Worker.run(ThreadPoolExecutor.java:624)
at java.lang.Thread.run(Thread.java:748)
]]>
    </error>
  </testcase> <!-- main -->
</testsuite> <!-- week5.day1.AA.TestNG.EditLead -->
